Configuracao de execucao
login: admin
senha: Gene7790
IP: 192.168.20.27
Dia: 1
Periodo: 1
Horario: 0800
Servico: 1BCF6AC0-A0BF-4E7E-BAEE-0210B0A256DE
Servico: FAED6E8E-6E4C-46EF-BED5-328C77B87AB8
Servico: 2DD16682-4CE1-4D74-B8AB-CDA1EE6F37FB
Servico: B3BE028B-2B1D-42F4-BE15-4C7590D8EAA8
Servico: 55DB34A0-26A6-448A-A16F-2310A0F23E75
Servico: 774F4A61-4AEE-476D-9F9E-8DB286349897
Servico: 378C3BA0-1F38-4272-A082-569D53F23621
Servico: BE46C6D7-B70E-46D8-BCA8-4C9D3869E448
Servico: 430FE14E-4456-425D-B857-9802C42A5B92
Servico: 4F12DC7F-5E88-40FD-9A58-C0B87A8ECCBC
Servico: 0B12AA74-80A0-42DE-82AF-F7F18F6FDB04
Servico: 5B4BD00C-B367-40AA-A278-78B5DDC5FE2A
Servico: CDF7474B-360F-4795-8F96-B080FF665B20
Servico: E5A884C7-AD3A-4E8B-BC5F-E181F0446819
Servico: 4C630A07-005F-4039-A343-A5C3B9EAB4A9
Servico: 142C7235-A3BC-4287-90A2-6C6449267DFD
Servico: 06AA2AC2-5F90-4AF9-BBAF-B437B7C81C33
Servico: 426A0364-B18C-45E2-A8F7-9AA2D19AB650
Servico: 956211CB-E2CA-4F3B-8DF9-024334D0B4F8
Servico: FE07A6DF-D970-42D0-9E63-1BEBE0864CC4
Servico: B40113BC-C240-498B-8ACF-4AC37D44CB24
Servico: DE29F385-A325-4DC4-8EFC-99FA0783A4CC
Servico: 5E53C3C7-5A54-480A-8081-11F63A39E494
Servico: F3EFEE70-4827-4058-A966-C5DAEA51A8E6
Servico: 768310FB-8248-4A1B-B320-B200DD6A56FB
Servico: 99A9C91F-08BA-49B2-AAF5-0873141C0D6E
Servico: 199908CA-0569-4CEB-A4CC-B0ABAE8119EB
Servico: 144F63FA-C688-4F49-8B7C-61E7A084A8F2
Servico: 4D398570-849A-4FFE-AB03-77FB56DD6FA4
Servico: 6FD01C83-77CA-4B69-9C55-C6C6FA8216E1
Servico: 3204918A-BACE-43BC-9582-09028C804C65
Servico: 3E9F79CB-93E5-4671-88DE-DB84192188EE
Servico: 0B2D1D44-2777-46C9-A825-936E43CABA26
Servico: C2442C6C-20B3-4EF1-8197-89D3EC5A0146
Servico: 17C92486-65DF-476A-9AB5-6EAC1EADF3E3
Servico: DD2C530A-6F12-42F5-B783-DDA99A0AB908
Servico: C400CF87-6A53-4EF6-AD19-A46AECAE967A
Servico: 54070950-C9EF-4BC4-851B-13080CEC80AA
Servico: 3DA4E168-3ADB-4760-A5BC-7A146FE17FA2
Servico: C53C06F2-445D-4B7B-956A-1CFB4A8656A9
Servico: B561F1D8-F8EB-4313-8EBE-4BE983DADD8B
Servico: AB8D2114-2BA1-42B8-8C3E-8D441B943235
Servico: 7E4771B0-B462-42BF-8749-C742CD8DB085
Servico: 9535F963-D296-4671-9988-E2CF83F956E9
Servico: 175CC45E-5D87-4E2A-B0CA-97F49C896704

Configuracao de execucao
login: admin
senha: Gene7790
IP: 192.168.20.27
Dia: 1
Periodo: 1
Horario: 0000

Servico: CDA23C17-FD0F-4A0B-80AB-5024E53DD144
Servico: F3EFEE70-4827-4058-A966-C5DAEA51A8E6
Servico: 5E53C3C7-5A54-480A-8081-11F63A39E494

Configuracao de execucao
login: admin
senha: Gene7790
IP: 192.168.20.27
Dia: 1
Periodo: 1
Horario: 0800

Servico: 5E53C3C7-5A54-480A-8081-11F63A39E494
--------------
Configuracao de execucao - 2022-04-06 16:50:20.711466
login: admin
senha: Gene7790
IP: 192.168.20.27
Dia: 1
Periodo: 1
Horario: 0000
Servico: 5E53C3C7-5A54-480A-8081-11F63A39E494
--------------
Configuracao de execucao - 2022-04-06 16:51:23.171034
login: admin
senha: Gene7790
IP: 192.168.20.27
Dia: 1
Periodo: 1
Horario: 0800
Servico: 5E53C3C7-5A54-480A-8081-11F63A39E494